END_ACTION2022-11-22 08:36:44:184||/constructionTaskService/getDataChart|com.viettel.coms.rest.ConstructionTaskRsServiceImpl|getDataChart|1366
END_ACTION2022-11-22 08:36:41:028||/auth/kttsAuthenRsService/login2|com.viettel.ktts2.rest.KttsAuthenRsServiceImpl|login2|5052
END_ACTION2022-11-22 08:36:46:099||/auth/kttsAuthenRsService/getUserInfo|com.viettel.ktts2.rest.KttsAuthenRsServiceImpl|getUserInfo|344
END_ACTION2022-11-22 08:37:50:502||/trService/trType/doSearchTRType|com.sun.proxy.$Proxy109|doSearchTRType|286
END_ACTION2022-11-22 08:37:52:849||/trService/trType/getListTRType|com.sun.proxy.$Proxy109|getListTRType|707
END_ACTION2022-11-22 08:37:52:847||/trService/tr/getCdLevel1|com.sun.proxy.$Proxy109|getCdLevel1|745
END_ACTION2022-11-22 08:37:53:600||/trService/workItem/getCatConstructionTypes|com.sun.proxy.$Proxy109|getCatConstructionTypes|289
END_ACTION2022-11-22 08:37:52:849||/woService/wo/getAppWorkSrcs|com.sun.proxy.$Proxy107|getAppWorkSrcs|1080
END_ACTION2022-11-22 08:37:52:846||/woService/user/getSysUserGroup|com.sun.proxy.$Proxy107|getSysUserGroup|1218
END_ACTION2022-11-22 08:37:53:564||/trService/tr/getAvailableProjects|com.sun.proxy.$Proxy109|getAvailableProjects|606
END_ACTION2022-11-22 08:37:52:847||/trService/tr/doSearch|com.sun.proxy.$Proxy109|doSearchTR|1965
END_ACTION2022-11-22 08:37:57:502||/woService/woType/doSearch|com.sun.proxy.$Proxy107|doSearchWOType|241
END_ACTION2022-11-22 08:37:52:849||/trService/tr/getAvailableContracts|com.sun.proxy.$Proxy109|getAvailableContracts|5477
END_ACTION2022-11-22 08:51:31:647||/auth/kttsAuthenRsService/login2|com.viettel.ktts2.rest.KttsAuthenRsServiceImpl|login2|2047
END_ACTION2022-11-22 08:51:33:725||/auth/kttsAuthenRsService/getUserInfo|com.viettel.ktts2.rest.KttsAuthenRsServiceImpl|getUserInfo|63
END_ACTION2022-11-22 08:51:35:105||/constructionTaskService/getDataChart|com.viettel.coms.rest.ConstructionTaskRsServiceImpl|getDataChart|209
END_ACTION2022-11-22 10:08:11:188||/auth/kttsAuthenRsService/login2|com.viettel.ktts2.rest.KttsAuthenRsServiceImpl|login2|2757
END_ACTION2022-11-22 10:08:13:975||/auth/kttsAuthenRsService/getUserInfo|com.viettel.ktts2.rest.KttsAuthenRsServiceImpl|getUserInfo|51
END_ACTION2022-11-22 10:08:16:078||/constructionTaskService/getDataChart|com.viettel.coms.rest.ConstructionTaskRsServiceImpl|getDataChart|229
END_ACTION2022-11-22 10:08:49:826||/doanhThuCheckListService/doanhThuCheckList/getById|com.viettel.coms.rest.DoanhThuCheckListServiceImpl|getWOTypeById|133
END_ACTION2022-11-22 10:16:17:259||/auth/kttsAuthenRsService/login2|com.viettel.ktts2.rest.KttsAuthenRsServiceImpl|login2|357
END_ACTION2022-11-22 10:16:17:626||/auth/kttsAuthenRsService/getUserInfo|com.viettel.ktts2.rest.KttsAuthenRsServiceImpl|getUserInfo|19
END_ACTION2022-11-22 10:16:20:492||/constructionTaskService/getDataChart|com.viettel.coms.rest.ConstructionTaskRsServiceImpl|getDataChart|40
END_ACTION2022-11-22 10:27:56:081||/constructionTaskService/getDataChart|com.viettel.coms.rest.ConstructionTaskRsServiceImpl|getDataChart|5366
END_ACTION2022-11-22 10:27:51:896||/auth/kttsAuthenRsService/login2|com.viettel.ktts2.rest.KttsAuthenRsServiceImpl|login2|10067
END_ACTION2022-11-22 10:28:01:994||/auth/kttsAuthenRsService/getUserInfo|com.viettel.ktts2.rest.KttsAuthenRsServiceImpl|getUserInfo|406
END_ACTION2022-11-22 11:25:43:559||/auth/kttsAuthenRsService/login2|com.viettel.ktts2.rest.KttsAuthenRsServiceImpl|login2|3107
END_ACTION2022-11-22 11:25:46:682||/auth/kttsAuthenRsService/getUserInfo|com.viettel.ktts2.rest.KttsAuthenRsServiceImpl|getUserInfo|255
END_ACTION2022-11-22 11:25:48:115||/constructionTaskService/getDataChart|com.viettel.coms.rest.ConstructionTaskRsServiceImpl|getDataChart|109
END_ACTION2022-11-22 11:28:24:125||/auth/kttsAuthenRsService/login2|com.viettel.ktts2.rest.KttsAuthenRsServiceImpl|login2|3305
END_ACTION2022-11-22 11:28:27:448||/auth/kttsAuthenRsService/getUserInfo|com.viettel.ktts2.rest.KttsAuthenRsServiceImpl|getUserInfo|395
END_ACTION2022-11-22 11:28:29:101||/constructionTaskService/getDataChart|com.viettel.coms.rest.ConstructionTaskRsServiceImpl|getDataChart|63
END_ACTION2022-11-22 13:20:39:094||/constructionTaskService/getDataChart|com.viettel.coms.rest.ConstructionTaskRsServiceImpl|getDataChart|128
END_ACTION2022-11-22 13:20:34:582||/auth/kttsAuthenRsService/login2|com.viettel.ktts2.rest.KttsAuthenRsServiceImpl|login2|4852
END_ACTION2022-11-22 13:20:39:456||/auth/kttsAuthenRsService/getUserInfo|com.viettel.ktts2.rest.KttsAuthenRsServiceImpl|getUserInfo|11
END_ACTION2022-11-22 13:26:41:832||/auth/kttsAuthenRsService/login2|com.viettel.ktts2.rest.KttsAuthenRsServiceImpl|login2|2302
END_ACTION2022-11-22 13:26:44:157||/auth/kttsAuthenRsService/getUserInfo|com.viettel.ktts2.rest.KttsAuthenRsServiceImpl|getUserInfo|267
END_ACTION2022-11-22 13:26:44:988||/constructionTaskService/getDataChart|com.viettel.coms.rest.ConstructionTaskRsServiceImpl|getDataChart|79
