com.viettel.asset.exception.BusinessExceptionMapper.toResponse(BusinessExceptionMapper.java:26):java.io.IOException: An established connection was aborted by the software in your host machine
org.apache.catalina.connector.ClientAbortException: java.io.IOException: An established connection was aborted by the software in your host machine
	at org.apache.catalina.connector.OutputBuffer.realWriteBytes(OutputBuffer.java:393)
	at org.apache.tomcat.util.buf.ByteChunk.flushBuffer(ByteChunk.java:426)
	at org.apache.tomcat.util.buf.ByteChunk.append(ByteChunk.java:339)
	at org.apache.catalina.connector.OutputBuffer.writeBytes(OutputBuffer.java:418)
	at org.apache.catalina.connector.OutputBuffer.write(OutputBuffer.java:406)
	at org.apache.catalina.connector.CoyoteOutputStream.write(CoyoteOutputStream.java:97)
	at org.apache.cxf.io.AbstractWrappedOutputStream.write(AbstractWrappedOutputStream.java:51)
	at org.codehaus.jackson.impl.Utf8Generator._flushBuffer(Utf8Generator.java:1754)
	at org.codehaus.jackson.impl.Utf8Generator.writeString(Utf8Generator.java:561)
	at org.codehaus.jackson.map.ser.std.StringSerializer.serialize(StringSerializer.java:28)
	at org.codehaus.jackson.map.ser.std.StringSerializer.serialize(StringSerializer.java:18)
	at org.codehaus.jackson.map.ser.BeanPropertyWriter.serializeAsField(BeanPropertyWriter.java:446)
	at org.codehaus.jackson.map.ser.std.BeanSerializerBase.serializeFields(BeanSerializerBase.java:150)
	at org.codehaus.jackson.map.ser.BeanSerializer.serialize(BeanSerializer.java:112)
	at org.codehaus.jackson.map.ser.std.StdContainerSerializers$IndexedListSerializer.serializeContents(StdContainerSerializers.java:122)
	at org.codehaus.jackson.map.ser.std.StdContainerSerializers$IndexedListSerializer.serializeContents(StdContainerSerializers.java:71)
	at org.codehaus.jackson.map.ser.std.AsArraySerializerBase.serialize(AsArraySerializerBase.java:86)
	at org.codehaus.jackson.map.ser.BeanPropertyWriter.serializeAsField(BeanPropertyWriter.java:446)
	at org.codehaus.jackson.map.ser.std.BeanSerializerBase.serializeFields(BeanSerializerBase.java:150)
	at org.codehaus.jackson.map.ser.BeanSerializer.serialize(BeanSerializer.java:112)
	at org.codehaus.jackson.map.ser.BeanPropertyWriter.serializeAsField(BeanPropertyWriter.java:446)
	at org.codehaus.jackson.map.ser.std.BeanSerializerBase.serializeFields(BeanSerializerBase.java:150)
	at org.codehaus.jackson.map.ser.BeanSerializer.serialize(BeanSerializer.java:112)
	at org.codehaus.jackson.map.ser.std.MapSerializer.serializeFields(MapSerializer.java:262)
	at org.codehaus.jackson.map.ser.std.MapSerializer.serialize(MapSerializer.java:186)
	at org.codehaus.jackson.map.ser.std.MapSerializer.serialize(MapSerializer.java:23)
	at org.codehaus.jackson.map.ser.StdSerializerProvider._serializeValue(StdSerializerProvider.java:610)
	at org.codehaus.jackson.map.ser.StdSerializerProvider.serializeValue(StdSerializerProvider.java:256)
	at org.codehaus.jackson.map.ObjectMapper.writeValue(ObjectMapper.java:1613)
	at org.codehaus.jackson.jaxrs.JacksonJsonProvider.writeTo(JacksonJsonProvider.java:559)
	at org.apache.cxf.jaxrs.utils.JAXRSUtils.writeMessageBody(JAXRSUtils.java:1381)
	at org.apache.cxf.jaxrs.interceptor.JAXRSOutInterceptor.serializeMessage(JAXRSOutInterceptor.java:244)
	at org.apache.cxf.jaxrs.interceptor.JAXRSOutInterceptor.processResponse(JAXRSOutInterceptor.java:120)
	at org.apache.cxf.jaxrs.interceptor.JAXRSOutInterceptor.handleMessage(JAXRSOutInterceptor.java:83)
	at org.apache.cxf.phase.PhaseInterceptorChain.doIntercept(PhaseInterceptorChain.java:308)
	at org.apache.cxf.interceptor.OutgoingChainInterceptor.handleMessage(OutgoingChainInterceptor.java:83)
	at org.apache.cxf.phase.PhaseInterceptorChain.doIntercept(PhaseInterceptorChain.java:308)
	at org.apache.cxf.transport.ChainInitiationObserver.onMessage(ChainInitiationObserver.java:121)
	at org.apache.cxf.transport.http.AbstractHTTPDestination.invoke(AbstractHTTPDestination.java:253)
	at org.apache.cxf.transport.servlet.ServletController.invokeDestination(ServletController.java:234)
	at org.apache.cxf.transport.servlet.ServletController.invoke(ServletController.java:208)
	at org.apache.cxf.transport.servlet.ServletController.invoke(ServletController.java:160)
	at org.apache.cxf.transport.servlet.CXFNonSpringServlet.invoke(CXFNonSpringServlet.java:180)
	at org.apache.cxf.transport.servlet.AbstractHTTPServlet.handleRequest(AbstractHTTPServlet.java:298)
	at org.apache.cxf.transport.servlet.AbstractHTTPServlet.doGet(AbstractHTTPServlet.java:222)
	at javax.servlet.http.HttpServlet.service(HttpServlet.java:622)
	at org.apache.cxf.transport.servlet.AbstractHTTPServlet.service(AbstractHTTPServlet.java:273)
	at org.apache.catalina.core.ApplicationFilterChain.internalDoFilter(ApplicationFilterChain.java:291)
	at org.apache.catalina.core.ApplicationFilterChain.doFilter(ApplicationFilterChain.java:206)
	at org.apache.tomcat.websocket.server.WsFilter.doFilter(WsFilter.java:52)
	at org.apache.catalina.core.ApplicationFilterChain.internalDoFilter(ApplicationFilterChain.java:239)
	at org.apache.catalina.core.ApplicationFilterChain.doFilter(ApplicationFilterChain.java:206)
	at com.viettel.asset.filter.CsrfHeaderFilter.doFilterInternal(CsrfHeaderFilter.java:29)
	at com.viettel.asset.filter.VtOnePerRequestFilter.doFilter(VtOnePerRequestFilter.java:36)
	at org.apache.catalina.core.ApplicationFilterChain.internalDoFilter(ApplicationFilterChain.java:239)
	at org.apache.catalina.core.ApplicationFilterChain.doFilter(ApplicationFilterChain.java:206)
	at org.apache.catalina.filters.CorsFilter.handleNonCORS(CorsFilter.java:436)
	at org.apache.catalina.filters.CorsFilter.doFilter(CorsFilter.java:177)
	at org.apache.catalina.core.ApplicationFilterChain.internalDoFilter(ApplicationFilterChain.java:239)
	at org.apache.catalina.core.ApplicationFilterChain.doFilter(ApplicationFilterChain.java:206)
	at org.apache.catalina.core.StandardWrapperValve.invoke(StandardWrapperValve.java:212)
	at org.apache.catalina.core.StandardContextValve.invoke(StandardContextValve.java:106)
	at org.apache.catalina.authenticator.AuthenticatorBase.invoke(AuthenticatorBase.java:502)
	at org.apache.catalina.core.StandardHostValve.invoke(StandardHostValve.java:141)
	at org.apache.catalina.valves.ErrorReportValve.invoke(ErrorReportValve.java:79)
	at org.apache.catalina.valves.AbstractAccessLogValve.invoke(AbstractAccessLogValve.java:616)
	at org.apache.catalina.core.StandardEngineValve.invoke(StandardEngineValve.java:88)
	at org.apache.catalina.connector.CoyoteAdapter.service(CoyoteAdapter.java:521)
	at org.apache.coyote.http11.AbstractHttp11Processor.process(AbstractHttp11Processor.java:1096)
	at org.apache.coyote.AbstractProtocol$AbstractConnectionHandler.process(AbstractProtocol.java:674)
	at org.apache.tomcat.util.net.NioEndpoint$SocketProcessor.doRun(NioEndpoint.java:1500)
	at org.apache.tomcat.util.net.NioEndpoint$SocketProcessor.run(NioEndpoint.java:1456)
	at java.util.concurrent.ThreadPoolExecutor.runWorker(ThreadPoolExecutor.java:1149)
	at java.util.concurrent.ThreadPoolExecutor$Worker.run(ThreadPoolExecutor.java:624)
	at org.apache.tomcat.util.threads.TaskThread$WrappingRunnable.run(TaskThread.java:61)
	at java.lang.Thread.run(Thread.java:748)
Caused by: java.io.IOException: An established connection was aborted by the software in your host machine
	at sun.nio.ch.SocketDispatcher.write0(Native Method)
	at sun.nio.ch.SocketDispatcher.write(SocketDispatcher.java:51)
	at sun.nio.ch.IOUtil.writeFromNativeBuffer(IOUtil.java:93)
	at sun.nio.ch.IOUtil.write(IOUtil.java:65)
	at sun.nio.ch.SocketChannelImpl.write(SocketChannelImpl.java:471)
	at org.apache.tomcat.util.net.NioChannel.write(NioChannel.java:124)
	at org.apache.tomcat.util.net.NioBlockingSelector.write(NioBlockingSelector.java:101)
	at org.apache.tomcat.util.net.NioSelectorPool.write(NioSelectorPool.java:172)
	at org.apache.coyote.http11.InternalNioOutputBuffer.writeToSocket(InternalNioOutputBuffer.java:139)
	at org.apache.coyote.http11.InternalNioOutputBuffer.addToBB(InternalNioOutputBuffer.java:197)
	at org.apache.coyote.http11.InternalNioOutputBuffer.access$000(InternalNioOutputBuffer.java:41)
	at org.apache.coyote.http11.InternalNioOutputBuffer$SocketOutputBuffer.doWrite(InternalNioOutputBuffer.java:320)
	at org.apache.coyote.http11.filters.ChunkedOutputFilter.doWrite(ChunkedOutputFilter.java:116)
	at org.apache.coyote.http11.AbstractOutputBuffer.doWrite(AbstractOutputBuffer.java:256)
	at org.apache.coyote.Response.doWrite(Response.java:501)
	at org.apache.catalina.connector.OutputBuffer.realWriteBytes(OutputBuffer.java:388)
	... 75 more
